\BOOKMARK [-1][]{part.1}{I Mathematics}{}% 1
\BOOKMARK [0][]{chapter.1}{1 Vector Calculus}{part.1}% 2
\BOOKMARK [1][-]{section.1.1}{1.1 Triple Products}{chapter.1}% 3
\BOOKMARK [1][-]{section.1.2}{1.2 Derivatives}{chapter.1}% 4
\BOOKMARK [1][-]{section.1.3}{1.3 Product Rules}{chapter.1}% 5
\BOOKMARK [1][-]{section.1.4}{1.4 Cylindrical Coordinates}{chapter.1}% 6
\BOOKMARK [1][-]{section.1.5}{1.5 Spherical Coordinates}{chapter.1}% 7
\BOOKMARK [1][-]{section.1.6}{1.6 Green Functions}{chapter.1}% 8
\BOOKMARK [2][-]{subsection.1.6.1}{1.6.1 Green's Identities}{section.1.6}% 9
\BOOKMARK [2][-]{subsection.1.6.2}{1.6.2 Green Functions}{section.1.6}% 10
\BOOKMARK [2][-]{subsection.1.6.3}{1.6.3 Boundary Conditions}{section.1.6}% 11
\BOOKMARK [0][]{chapter.2}{2 Linear Algebra}{part.1}% 12
\BOOKMARK [1][-]{section.2.1}{2.1 Determinant Properties}{chapter.2}% 13
\BOOKMARK [1][-]{section.2.2}{2.2 Orthogonal Matrices}{chapter.2}% 14
\BOOKMARK [1][-]{section.2.3}{2.3 Transpose Properties}{chapter.2}% 15
\BOOKMARK [1][-]{section.2.4}{2.4 Linear Vector Spaces}{chapter.2}% 16
\BOOKMARK [2][-]{subsection.2.4.1}{2.4.1 Linear Independence}{section.2.4}% 17
\BOOKMARK [2][-]{subsection.2.4.2}{2.4.2 Inner Product Space}{section.2.4}% 18
\BOOKMARK [2][-]{subsection.2.4.3}{2.4.3 Basis of a Vector Space}{section.2.4}% 19
\BOOKMARK [1][-]{section.2.5}{2.5 Dual Spaces}{chapter.2}% 20
\BOOKMARK [2][-]{subsection.2.5.1}{2.5.1 Projection Operator}{section.2.5}% 21
\BOOKMARK [2][-]{subsection.2.5.2}{2.5.2 Schwarz and Triangle Inequality}{section.2.5}% 22
\BOOKMARK [1][-]{section.2.6}{2.6 Matrix Inverse}{chapter.2}% 23
\BOOKMARK [2][-]{subsection.2.6.1}{2.6.1 2x2 Matrix Inverse}{section.2.6}% 24
\BOOKMARK [2][-]{subsection.2.6.2}{2.6.2 3x3 Matrix Inverse}{section.2.6}% 25
\BOOKMARK [1][-]{section.2.7}{2.7 Operators}{chapter.2}% 26
\BOOKMARK [2][-]{subsection.2.7.1}{2.7.1 Commutators}{section.2.7}% 27
\BOOKMARK [2][-]{subsection.2.7.2}{2.7.2 Inverses}{section.2.7}% 28
\BOOKMARK [2][-]{subsection.2.7.3}{2.7.3 Matrix Elements of an Operator}{section.2.7}% 29
\BOOKMARK [2][-]{subsection.2.7.4}{2.7.4 Active and Passive Transformations}{section.2.7}% 30
\BOOKMARK [2][-]{subsection.2.7.5}{2.7.5 Trace of an Operator}{section.2.7}% 31
\BOOKMARK [2][-]{subsection.2.7.6}{2.7.6 Hermitian Operators}{section.2.7}% 32
\BOOKMARK [2][-]{subsection.2.7.7}{2.7.7 Unitary Operators}{section.2.7}% 33
\BOOKMARK [2][-]{subsection.2.7.8}{2.7.8 Diagonalization of Hermitian Matrices}{section.2.7}% 34
\BOOKMARK [1][-]{section.2.8}{2.8 Eigenvectors and Eigenvalues}{chapter.2}% 35
\BOOKMARK [2][-]{subsection.2.8.1}{2.8.1 Characteristic Equation and Polynomial}{section.2.8}% 36
\BOOKMARK [2][-]{subsection.2.8.2}{2.8.2 Theorems}{section.2.8}% 37
\BOOKMARK [1][-]{section.2.9}{2.9 Functions of Operators}{chapter.2}% 38
\BOOKMARK [1][-]{section.2.10}{2.10 Infinite Dimensional Vector Spaces}{chapter.2}% 39
\BOOKMARK [1][-]{section.2.11}{2.11 Derivative Operator}{chapter.2}% 40
\BOOKMARK [0][]{chapter.3}{3 Lie Algebra}{part.1}% 41
\BOOKMARK [1][-]{section.3.1}{3.1 SU\(2\)}{chapter.3}% 42
\BOOKMARK [2][-]{subsection.3.1.1}{3.1.1 Generators of SU\(2\)}{section.3.1}% 43
\BOOKMARK [2][-]{subsection.3.1.2}{3.1.2 Lie Algebra of SU\(2\)}{section.3.1}% 44
\BOOKMARK [2][-]{subsection.3.1.3}{3.1.3 Topology}{section.3.1}% 45
\BOOKMARK [2][-]{subsection.3.1.4}{3.1.4 Lie Algebra}{section.3.1}% 46
\BOOKMARK [2][-]{subsection.3.1.5}{3.1.5 Basis}{section.3.1}% 47
\BOOKMARK [1][-]{section.3.2}{3.2 SO\(3\)}{chapter.3}% 48
\BOOKMARK [2][-]{subsection.3.2.1}{3.2.1 Lie Algebra}{section.3.2}% 49
\BOOKMARK [1][-]{section.3.3}{3.3 SO\(1, 3\)}{chapter.3}% 50
\BOOKMARK [0][]{chapter.4}{4 Dirac Delta Function}{part.1}% 51
\BOOKMARK [0][]{chapter.5}{5 Fourier Analysis}{part.1}% 52
\BOOKMARK [-1][]{part.2}{II Physics}{}% 53
\BOOKMARK [0][]{chapter.6}{6 Electrodynamics}{part.2}% 54
\BOOKMARK [1][-]{section.6.1}{6.1 Poisson Equation}{chapter.6}% 55
\BOOKMARK [2][-]{subsection.6.1.1}{6.1.1 Solutions to the Poisson Equation}{section.6.1}% 56
\BOOKMARK [2][-]{subsection.6.1.2}{6.1.2 Potential Energy}{section.6.1}% 57
\BOOKMARK [1][-]{section.6.2}{6.2 Special Relativity}{chapter.6}% 58
\BOOKMARK [2][-]{subsection.6.2.1}{6.2.1 Constant Acceleration}{section.6.2}% 59
\BOOKMARK [0][]{chapter.7}{7 Quantum Mechanics}{part.2}% 60
\BOOKMARK [1][-]{section.7.1}{7.1 Theorems}{chapter.7}% 61
\BOOKMARK [1][-]{section.7.2}{7.2 Operators}{chapter.7}% 62
\BOOKMARK [-1][]{part.3}{III Misc}{}% 63
\BOOKMARK [0][]{section.7.3}{7.3 Eigenvalues and Eigenvectors of Rotation Matrix}{part.3}% 64
